<?xml version="1.0" encoding="UTF-8"?>
<!-- Generated by org.testng.reporters.JUnitReportReporter -->
<testsuite skipped="0" hostname="LAPTOP-G9KVTKRI" name="utilities.ExcelUtil" tests="1" failures="0" timestamp="29 Dec 2020 21:46:09 GMT" time="0.670" errors="0">
  <testcase name="dataMap1" time="0.670" classname="utilities.ExcelUtil"/>
</testsuite> <!-- utilities.ExcelUtil -->
